<?xml version="1.0" encoding="UTF-8"?>
<!-- Generated by org.testng.reporters.JUnitReportReporter -->
<testsuite hostname="Revanths-MacBook-Air.local" failures="0" tests="1" name="gitrepo.LoginTest" time="0.007" errors="0" timestamp="07 Dec 2022 16:32:13 GMT" skipped="0">
  <testcase classname="gitrepo.LoginTest" name="git" time="0.007"/>
</testsuite> <!-- gitrepo.LoginTest -->
